[INFO] Scanning for projects...
[INFO] 
[INFO] --------< org.example.cp_talenstudio.job:DF_CargaPerfilesScore >--------
[INFO] Building CP_TALENSTUDIO DF_CargaPerfilesScore-0.1.0 (0.1,Job Designs) 0.1.0
[INFO]   from pom.xml
[INFO] --------------------------------[ jar ]---------------------------------
[WARNING] The POM for org.antlr:antlr-runtime:jar:3.5.2 is missing, no dependency information available
[WARNING] The POM for org.apache.commons:commons-lang3:jar:3.10 is missing, no dependency information available
[WARNING] The POM for com.fasterxml.jackson.core:jackson-core:jar:2.14.0 is missing, no dependency information available
[WARNING] The POM for com.fasterxml.jackson.core:jackson-annotations:jar:2.14.0 is missing, no dependency information available
[WARNING] The POM for org.ow2.asm:asm:jar:9.3 is missing, no dependency information available
[INFO] 
[INFO] --- resources:3.3.1:resources (default-resources) @ DF_CargaPerfilesScore ---
[WARNING] Using platform encoding (UTF-8 actually) to copy filtered resources, i.e. build is platform dependent!
[INFO] Copying 1 resource from src\main\resources to target\classes
[INFO] 
[INFO] --- compiler:3.11.0:compile (default-compile) @ DF_CargaPerfilesScore ---
[WARNING] The POM for org.bouncycastle:bcpg-jdk18on:jar:1.77 is missing, no dependency information available
[WARNING] The POM for org.bouncycastle:bcprov-jdk18on:jar:1.77 is missing, no dependency information available
[WARNING] The POM for commons-codec:commons-codec:jar:1.17.0 is missing, no dependency information available
[WARNING] The POM for commons-io:commons-io:jar:2.16.1 is missing, no dependency information available
[WARNING] The POM for org.slf4j:slf4j-api:jar:2.0.13 is missing, no dependency information available
[WARNING] The POM for org.apache.commons:commons-compress:jar:1.23.0 is missing, no dependency information available
[WARNING] The POM for commons-io:commons-io:jar:2.6 is missing, no dependency information available
[INFO] Not compiling main sources
[INFO] 
[INFO] --- resources:3.3.1:testResources (default-testResources) @ DF_CargaPerfilesScore ---
[INFO] Not copying test resources
[INFO] 
[INFO] --- compiler:3.11.0:testCompile (default-testCompile) @ DF_CargaPerfilesScore ---
[INFO] Not compiling test sources
[INFO] 
[INFO] --- surefire:3.3.0:test (default-test) @ DF_CargaPerfilesScore ---
[INFO] Tests are skipped.
[INFO] 
[INFO] --- jar:3.3.0:jar (default-jar) @ DF_CargaPerfilesScore ---
[WARNING] The POM for org.codehaus.plexus:plexus-archiver:jar:4.4.0 is missing, no dependency information available
[INFO] Building jar: C:\Program Files (x86)\Talend-Studio\studio\workspace\Cp_TalenStudio-499225721\CP_TALENSTUDIO\poms\jobs\process\Artefactos\df_cargaperfilesscore_0.1\target\df_cargaperfilesscore_0_1.jar
[INFO] 
[INFO] --- assembly:3.6.0:single (default) @ DF_CargaPerfilesScore ---
[WARNING] The POM for org.slf4j:slf4j-api:jar:1.7.30 is missing, no dependency information available
[WARNING] The POM for com.google.guava:guava:jar:25.1-android is missing, no dependency information available
[INFO] Reading assembly descriptor: C:\Program Files (x86)\Talend-Studio\studio\workspace\Cp_TalenStudio-499225721\CP_TALENSTUDIO\poms\jobs\process\Artefactos\df_cargaperfilesscore_0.1/src/main/assemblies/assembly.xml
[INFO] Building zip: C:\Program Files (x86)\Talend-Studio\studio\workspace\Cp_TalenStudio-499225721\CP_TALENSTUDIO\poms\jobs\process\Artefactos\df_cargaperfilesscore_0.1\target\df_cargaperfilesscore_0_1.zip
[INFO] 
[INFO] --- signer:8.0.13:sign (sign) @ DF_CargaPerfilesScore ---
[WARNING] The POM for org.codehaus.plexus:plexus-utils:jar:1.5.5 is missing, no dependency information available
[INFO] Start to sign the job artifact
[INFO] Start to sign artifact, the source file is df_cargaperfilesscore_0_1.zip and target file is df_cargaperfilesscore_0_1_sign_.zip
[INFO] ------------------------------------------------------------------------
[INFO] BUILD SUCCESS
[INFO] ------------------------------------------------------------------------
[INFO] Total time:  6.323 s
[INFO] Finished at: 2025-04-15T11:09:18-05:00
[INFO] ------------------------------------------------------------------------
